  pch.cpp
  gtest-all.cc
c:\users\tmuja\downloads\googletest-master (1)\googletest-master\googletest\src\gtest-all.cc(38): fatal error C1083: Cannot open include file: 'gtest/gtest.h': No such file or directory
  gtest_main.cc
c:\users\tmuja\downloads\googletest-master (1)\googletest-master\googletest\src\gtest_main.cc(31): fatal error C1083: Cannot open include file: 'gtest/gtest.h': No such file or directory
  employeeAccess.cpp
f:\final computer science project\hr\main\main\employeeaccess.cpp(48): warning C4267: '=': conversion from 'size_t' to 'int', possible loss of data
  Main.cpp
  Generating Code...
